<?xml version="1.0" encoding="UTF-8"?>
<!-- Generated by org.testng.reporters.JUnitReportReporter -->
<testsuite hostname="WKSPUN05GTR0521" failures="0" tests="1" name="noauth.NoAuthTest" time="5.525" errors="0" timestamp="2025-05-17T11:17:15 IST" skipped="0">
  <testcase classname="noauth.NoAuthTest" name="f" time="5.525"/>
</testsuite> <!-- noauth.NoAuthTest -->
