<?xml version="1.0" encoding="UTF-8"?>
<!-- Generated by org.testng.reporters.JUnitReportReporter -->
<testsuite hostname="WKSPUN05GTR0521" failures="0" tests="1" name="basicauth.BasicAuthTest" time="2.962" errors="0" timestamp="2025-05-17T16:45:22 IST" skipped="0">
  <testcase classname="basicauth.BasicAuthTest" name="f" time="2.962"/>
</testsuite> <!-- basicauth.BasicAuthTest -->
