<?xml version="1.0" encoding="UTF-8"?>
<!-- Generated by org.testng.reporters.JUnitReportReporter -->
<testsuite hostname="WKSPUN05GTR0521" failures="0" tests="1" name="Curatests.TestRunner" time="24.584" errors="0" timestamp="2025-05-16T09:35:05 IST" skipped="0">
  <testcase classname="Curatests.TestRunner" name="runScenario" time="24.584"/>
</testsuite> <!-- Curatests.TestRunner -->
