<?xml version="1.0" encoding="UTF-8"?>
<!-- Generated by org.testng.reporters.JUnitReportReporter -->
<testsuite hostname="LAPTOP-FDM6KJ5H" failures="0" tests="1" name="Curatests.test" time="15.353" errors="0" timestamp="2025-05-16T07:47:31 IST" skipped="0">
  <testcase classname="Curatests.test" name="runScenario" time="15.353"/>
</testsuite> <!-- Curatests.test -->
