<?xml version="1.0" encoding="UTF-8"?>
<!-- Generated by org.testng.reporters.JUnitReportReporter -->
<testsuite hostname="WKSPUN05GTR0521" failures="0" tests="1" name="Curatests.test" time="6.357" errors="0" timestamp="2025-05-10T09:12:43 IST" skipped="0">
  <testcase classname="Curatests.test" name="f" time="6.357"/>
</testsuite> <!-- Curatests.test -->
